<?xml version="1.0" encoding="UTF-8"?>
<!-- Generated by org.testng.reporters.JUnitReportReporter -->
<testsuite hostname="Abhijith" failures="0" tests="7" name="testng.AnnotationAttributes" time="28.727" errors="0" timestamp="2024-10-17T13:54:55 IST" skipped="1">
  <testcase classname="testng.AnnotationAttributes" name="register" time="4.341">
    <system-out>
      <![CDATA[Register is successful]]>
    </system-out>
  </testcase> <!-- register -->
  <testcase classname="testng.AnnotationAttributes" name="register" time="6.016">
    <system-out>
      <![CDATA[Register is successful]]>
    </system-out>
  </testcase> <!-- register -->
  <testcase classname="testng.AnnotationAttributes" name="register" time="4.281">
    <system-out>
      <![CDATA[Register is successful]]>
    </system-out>
  </testcase> <!-- register -->
  <testcase classname="testng.AnnotationAttributes" name="register" time="5.661">
    <system-out>
      <![CDATA[Register is successful]]>
    </system-out>
  </testcase> <!-- register -->
  <testcase classname="testng.AnnotationAttributes" name="register" time="4.220">
    <system-out>
      <![CDATA[Register is successful]]>
    </system-out>
  </testcase> <!-- register -->
  <testcase classname="testng.AnnotationAttributes" name="register" time="4.208">
    <system-out>
      <![CDATA[Register is successful]]>
    </system-out>
  </testcase> <!-- register -->
  <testcase classname="testng.AnnotationAttributes" name="login">
    <skipped/>
  </testcase> <!-- login -->
  <system-out>
    <![CDATA[Register is successful
Register is successful
Register is successful
Register is successful
Register is successful
Register is successful]]>
  </system-out>
</testsuite> <!-- testng.AnnotationAttributes -->
