<?xml version="1.0" encoding="UTF-8"?>
<!-- Generated by org.testng.reporters.JUnitReportReporter -->
<testsuite hostname="Abhijith" failures="0" tests="1" name="cars.TataMotors" time="3.831" errors="0" timestamp="2024-10-18T13:51:02 IST" skipped="0">
  <testcase classname="cars.TataMotors" name="launch" time="3.831">
    <system-out>
      <![CDATA[TataMotors launched successfully]]>
    </system-out>
  </testcase> <!-- launch -->
  <system-out>
    <![CDATA[Ferrari launched successfully
Audi launched successfully
TataMotors launched successfully]]>
  </system-out>
</testsuite> <!-- cars.TataMotors -->
