<?xml version="1.0" encoding="UTF-8"?>
<!-- Generated by org.testng.reporters.JUnitReportReporter -->
<testsuite hostname="Abhijith" failures="0" tests="1" name="cars.Audi" time="5.297" errors="0" timestamp="2024-10-19T12:26:47 IST" skipped="0">
  <testcase classname="cars.Audi" name="launch" time="5.297">
    <system-out>
      <![CDATA[Audi launched successfully]]>
    </system-out>
  </testcase> <!-- launch -->
  <system-out>
    <![CDATA[Audi launched successfully]]>
  </system-out>
</testsuite> <!-- cars.Audi -->
