<?xml version="1.0" encoding="UTF-8"?>
<!-- Generated by org.testng.reporters.JUnitReportReporter -->
<testsuite hostname="Abhijith" failures="0" tests="1" name="cars.Ferrari" time="2.391" errors="0" timestamp="2024-10-19T12:25:01 IST" skipped="0">
  <testcase classname="cars.Ferrari" name="launch" time="2.391">
    <system-out>
      <![CDATA[Ferrari launched successfully]]>
    </system-out>
  </testcase> <!-- launch -->
  <system-out>
    <![CDATA[Ferrari launched successfully
Audi launched successfully]]>
  </system-out>
</testsuite> <!-- cars.Ferrari -->
