<?xml version="1.0" encoding="UTF-8"?>
<!-- Generated by org.testng.reporters.JUnitReportReporter -->
<testsuite hostname="Abhijith" failures="0" tests="1" name="crossbrowsertesting.ToLearnCrossBrowserTesting" time="4.288" errors="0" timestamp="2024-10-25T13:40:13 IST" skipped="0">
  <testcase classname="crossbrowsertesting.ToLearnCrossBrowserTesting" name="launch" time="4.288"/>
</testsuite> <!-- crossbrowsertesting.ToLearnCrossBrowserTesting -->
