<?xml version="1.0" encoding="UTF-8"?>
<!-- Generated by org.testng.reporters.JUnitReportReporter -->
<testsuite hostname="Abhijith" failures="0" tests="3" name="testng.Sample" time="0.018" errors="0" timestamp="2024-10-17T12:53:22 IST" skipped="0">
  <testcase classname="testng.Sample" name="demo" time="0.002">
    <system-out>
      <![CDATA[demo testcase executed]]>
    </system-out>
  </testcase> <!-- demo -->
  <testcase classname="testng.Sample" name="add" time="0.001">
    <system-out>
      <![CDATA[add testcase executed]]>
    </system-out>
  </testcase> <!-- add -->
  <testcase classname="testng.Sample" name="Sample" time="0.015">
    <system-out>
      <![CDATA[sample testcase executed]]>
    </system-out>
  </testcase> <!-- Sample -->
  <system-out>
    <![CDATA[sample testcase executed
add testcase executed
demo testcase executed]]>
  </system-out>
</testsuite> <!-- testng.Sample -->
