<?xml version="1.0" encoding="UTF-8"?>
<!-- Generated by org.testng.reporters.JUnitReportReporter -->
<testsuite hostname="Abhijith" failures="0" tests="4" name="dataprovider.ToLearnDataProvider" time="10.762" errors="0" timestamp="2024-10-26T09:33:56 IST" skipped="0">
  <testcase classname="dataprovider.ToLearnDataProvider" name="login" time="1.902"/>
  <testcase classname="dataprovider.ToLearnDataProvider" name="login" time="3.092"/>
  <testcase classname="dataprovider.ToLearnDataProvider" name="login" time="3.507"/>
  <testcase classname="dataprovider.ToLearnDataProvider" name="login" time="2.261"/>
</testsuite> <!-- dataprovider.ToLearnDataProvider -->
