<?xml version="1.0" encoding="UTF-8"?>
<!-- Generated by org.testng.reporters.JUnitReportReporter -->
<testsuite hostname="Abhijith" failures="0" tests="1" name="cars.RollsRoyce" time="11.554" errors="0" timestamp="2024-10-18T13:34:28 IST" skipped="0">
  <testcase classname="cars.RollsRoyce" name="launch" time="11.554">
    <system-out>
      <![CDATA[RollsRoyce launched successfully]]>
    </system-out>
  </testcase> <!-- launch -->
  <system-out>
    <![CDATA[TataMotors launched successfully
Ferrari launched successfully
RollsRoyce launched successfully
Audi launched successfully]]>
  </system-out>
</testsuite> <!-- cars.RollsRoyce -->
