<?xml version="1.0" encoding="UTF-8"?>
<!-- Generated by org.testng.reporters.JUnitReportReporter -->
<testsuite hostname="Abhijith" failures="0" tests="3" name="testng.TestScript" time="11.879" errors="0" timestamp="2024-10-25T13:51:14 IST" skipped="0">
  <testcase classname="testng.TestScript" name="clickOnBooks" time="4.769">
    <system-out>
      <![CDATA[Books page is displayed]]>
    </system-out>
  </testcase> <!-- clickOnBooks -->
  <testcase classname="testng.TestScript" name="clickOnBooks" time="3.562">
    <system-out>
      <![CDATA[Books page is displayed]]>
    </system-out>
  </testcase> <!-- clickOnBooks -->
  <testcase classname="testng.TestScript" name="clickOnBooks" time="3.548">
    <system-out>
      <![CDATA[Books page is displayed]]>
    </system-out>
  </testcase> <!-- clickOnBooks -->
  <system-out>
    <![CDATA[Books page is displayed
Books page is displayed
Books page is displayed]]>
  </system-out>
</testsuite> <!-- testng.TestScript -->
