<?xml version="1.0" encoding="UTF-8"?>
<!-- Generated by org.testng.reporters.JUnitReportReporter -->
<testsuite hostname="Abhijith" failures="0" tests="2" name="testng.ConfigurationAnnotations" time="0.021" errors="0" timestamp="2024-10-21T11:23:43 IST" skipped="0">
  <testcase classname="testng.ConfigurationAnnotations" name="demo" time="0.006">
    <system-out>
      <![CDATA[@Test (demo)]]>
    </system-out>
  </testcase> <!-- demo -->
  <testcase classname="testng.ConfigurationAnnotations" name="addToCart" time="0.015">
    <system-out>
      <![CDATA[@Test(addToCart)]]>
    </system-out>
  </testcase> <!-- addToCart -->
  <system-out>
    <![CDATA[@BeforeSuite
@BeforeTest
@BeforeClass
@BeforeMethod
@Test(addToCart)
@AfterMethod
@BeforeMethod
@Test (demo)
@AfterMethod
@AfterClass
@AfterTest
@AfterSuite]]>
  </system-out>
</testsuite> <!-- testng.ConfigurationAnnotations -->
